#-----------------------------------------------------------
# Vivado v2017.4 (64-bit)
# SW Build 2086221 on Fri Dec 15 20:55:39 MST 2017
# IP Build 2085800 on Fri Dec 15 22:25:07 MST 2017
# Start of session at: Mon Mar  5 11:02:50 2018
# Process ID: 8296
# Current directory: U:/CS2022/Assignment1
# Command line: vivado.exe -gui_launcher_event rodinguilauncherevent10692 U:\CS2022\Assignment1\Assignment1.xpr
# Log file: U:/CS2022/Assignment1/vivado.log
# Journal file: U:/CS2022/Assignment1\vivado.jou
#-----------------------------------------------------------
start_gui
open_project U:/CS2022/Assignment1/Assignment1.xpr
Scanning sources...
Finished scanning sources
INFO: [IP_Flow 19-234] Refreshing IP repositories
INFO: [IP_Flow 19-1704] No user IP repositories specified
INFO: [IP_Flow 19-2313] Loaded Vivado IP repository 'C:/Xilinx/Vivado/2017.4/data/ip'.
update_compile_order -fileset sources_1
export_ip_user_files -of_objects  [get_files U:/CS2022/Assignment1/Assignment1.srcs/sim_1/new/sim.vhd] -no_script -reset -force -quiet
remove_files  -fileset sim_1 U:/CS2022/Assignment1/Assignment1.srcs/sim_1/new/sim.vhd
launch_runs synth_1 -jobs 4
[Mon Mar  5 11:04:00 2018] Launched synth_1...
Run output will be captured here: U:/CS2022/Assignment1/Assignment1.runs/synth_1/runme.log
open_project U:/CS2022/Vivado_Tutorial/Tutorial_Created_Data/project_bft/project_bft.xpr
Scanning sources...
Finished scanning sources
INFO: [IP_Flow 19-234] Refreshing IP repositories
INFO: [IP_Flow 19-1704] No user IP repositories specified
INFO: [IP_Flow 19-2313] Loaded Vivado IP repository 'C:/Xilinx/Vivado/2017.4/data/ip'.
open_project: Time (s): cpu = 00:00:06 ; elapsed = 00:00:10 . Memory (MB): peak = 875.918 ; gain = 23.477
update_compile_order -fileset sources_1
close_project
reset_run synth_1
launch_runs synth_1 -jobs 4
[Mon Mar  5 11:08:41 2018] Launched synth_1...
Run output will be captured here: U:/CS2022/Assignment1/Assignment1.runs/synth_1/runme.log
reset_run synth_1
launch_runs synth_1 -jobs 4
[Mon Mar  5 11:09:20 2018] Launched synth_1...
Run output will be captured here: U:/CS2022/Assignment1/Assignment1.runs/synth_1/runme.log
synth_design -rtl -name rtl_1
Command: synth_design -rtl -name rtl_1
Starting synth_design
Using part: xc7s100fgga484-1
Top: reg_file
---------------------------------------------------------------------------------
Starting RTL Elaboration : Time (s): cpu = 00:00:05 ; elapsed = 00:00:05 . Memory (MB): peak = 983.652 ; gain = 99.801
---------------------------------------------------------------------------------
