Vivado Simulator 2017.4
Copyright 1986-1999, 2001-2016 Xilinx, Inc. All Rights Reserved.
Running: C:/Xilinx/Vivado/2017.4/bin/unwrapped/win64.o/xelab.exe -wto 5200e0ffd34849cab71cbeec0940adc8 --incr --debug typical --relax --mt 2 -L xil_defaultlib -L secureip --snapshot regfile_tb_behav xil_defaultlib.regfile_tb -log elaborate.log 
Using 2 slave threads.
Starting static elaboration
Completed static elaboration
Starting simulation data flow analysis
Completed simulation data flow analysis
Time Resolution for simulation is 1ps
Compiling package std.standard
Compiling package std.textio
Compiling package ieee.std_logic_1164
Compiling architecture behavioral of entity xil_defaultlib.decoder3to8 [decoder3to8_default]
Compiling architecture behavioral of entity xil_defaultlib.mux2 [mux2_default]
Compiling architecture behavioral of entity xil_defaultlib.mux4 [mux4_default]
Compiling architecture behavioral of entity xil_defaultlib.mux8 [mux8_default]
Compiling architecture behavioral of entity xil_defaultlib.reg16 [reg16_default]
Compiling architecture behavioral of entity xil_defaultlib.regfile [regfile_default]
Compiling architecture behavioral of entity xil_defaultlib.regfile_tb
Built simulation snapshot regfile_tb_behav
