Exception at PC 0x00007FF9FB7B9D98
Exception at PC 0x00007FF9FB7B9D98
Exception at PC 0x00007FF9FB7B9D98
Exception at PC 0x00007FF9FB7B9D98
Exception at PC 0x00007FF99591E132
Attemped to write at address 0x00007FF9D37C4AA4
Printing stacktrace...

[0]  [0x00007FF99591E132]
[1]  [0x00007FF99591E132]
[2]  [0x00007FF99591E194]
[3]  [0x00007FF99556D0D7]
[4]  [0x00007FF995452BCA]
[5]  [0x00007FF995452FD1]
[6]  [0x00007FF99591EB2F]
[7]  [0x00007FF9957DC19D]
[8]  [0x00007FF9957D5942]
[9]  [0x00007FF9957D5AB5]
[10] (RtlDeactivateActivationContextUnsafeFast+0x1af) [0x00007FF9FF19485F]
[11] (LdrShutdownProcess+0x12c) [0x00007FF9FF1BD43C]
[12] (RtlExitUserProcess+0xb4) [0x00007FF9FF1BD2F4]
[13] (FatalExit+0xa) [0x00007FF9FCDAC0DA]
[14] (exit+0x75) [0x00007FF9FD03A045]
[15] (initterm_e+0x21d) [0x00007FF9FD03A68D]
[16]  [0x00000000004014CD]
[17]  [0x000000000040151B]
[18] (BaseThreadInitThunk+0x14) [0x00007FF9FCDA2774]
[19] (RtlUserThreadStart+0x21) [0x00007FF9FF1E0D51]
Done
