Exception at PC 0x00007FF8CDFF9F68
Exception at PC 0x00007FF8CDFF9F68
Exception at PC 0x00007FF8CDFF9F68
Exception at PC 0x00007FF8CDFF9F68
Exception at PC 0x00007FF8B049E132
Attemped to write at address 0x00007FF8A1704AA4
Printing stacktrace...

[0]  [0x00007FF8B049E132]
[1]  [0x00007FF8B049E132]
[2]  [0x00007FF8B049E194]
[3]  [0x00007FF8B00ED0D7]
[4]  [0x00007FF8AFFD2BCA]
[5]  [0x00007FF8AFFD2FD1]
[6]  [0x00007FF8B049EB2F]
[7]  [0x00007FF8B035C19D]
[8]  [0x00007FF8B0355942]
[9]  [0x00007FF8B0355AB5]
[10] (RtlDeactivateActivationContextUnsafeFast+0x1af) [0x00007FF8D16A485F]
[11] (LdrShutdownProcess+0x12c) [0x00007FF8D16CD43C]
[12] (RtlExitUserProcess+0xb4) [0x00007FF8D16CD2F4]
[13] (FatalExit+0xa) [0x00007FF8CFB4C0DA]
[14] (exit+0x75) [0x00007FF8CF6EA045]
[15] (initterm_e+0x21d) [0x00007FF8CF6EA68D]
[16]  [0x00000000004014CD]
[17]  [0x000000000040151B]
[18] (BaseThreadInitThunk+0x14) [0x00007FF8CFB42774]
[19] (RtlUserThreadStart+0x21) [0x00007FF8D16F0D51]
Done
