Exception at PC 0x00007FFF196E9D98
Exception at PC 0x00007FFF196E9D98
Exception at PC 0x00007FFF196E9D98
Exception at PC 0x00007FFF196E9D98
Exception at PC 0x00007FFEA9BAE132
Attemped to write at address 0x00007FFEEFAC4AA4
Printing stacktrace...

[0]  [0x00007FFEA9BAE132]
[1]  [0x00007FFEA9BAE132]
[2]  [0x00007FFEA9BAE194]
[3]  [0x00007FFEA97FD0D7]
[4]  [0x00007FFEA96E2BCA]
[5]  [0x00007FFEA96E2FD1]
[6]  [0x00007FFEA9BAEB2F]
[7]  [0x00007FFEA9A6C19D]
[8]  [0x00007FFEA9A65942]
[9]  [0x00007FFEA9A65AB5]
[10] (RtlDeactivateActivationContextUnsafeFast+0x1af) [0x00007FFF1CEB485F]
[11] (LdrShutdownProcess+0x12c) [0x00007FFF1CEDD43C]
[12] (RtlExitUserProcess+0xb4) [0x00007FFF1CEDD2F4]
[13] (FatalExit+0xa) [0x00007FFF1A48C0DA]
[14] (exit+0x75) [0x00007FFF1A40A045]
[15] (initterm_e+0x21d) [0x00007FFF1A40A68D]
[16]  [0x00000000004014CD]
[17]  [0x000000000040151B]
[18] (BaseThreadInitThunk+0x14) [0x00007FFF1A482774]
[19] (RtlUserThreadStart+0x21) [0x00007FFF1CF00D51]
Done
